04/17/2022 16:51:30 - INFO - root -   Load token frequency from ../data/litcovid.TokenFrequency.low.txt.
04/17/2022 16:51:30 - INFO - root -   Load data from ../data/litcovid.sentence.txt.
04/17/2022 16:52:37 - INFO - root -   Data size: 200,000.
04/17/2022 16:52:38 - INFO - __main__ -   SkipGram(
  (embedding): Embedding(50000, 100)
  (out_layer): Linear(in_features=100, out_features=50000, bias=True)
  (log_softmax): LogSoftmax(dim=1)
)
04/17/2022 16:52:38 - INFO - __main__ -   Training with CPU.
04/17/2022 16:52:40 - INFO - __main__ -   Start training.
04/17/2022 16:52:42 - INFO - __main__ -   epoch: 0, step: 0, loss: 11.0146 
04/17/2022 16:52:53 - INFO - __main__ -   epoch: 0, step: 50, loss: 8.0464 
04/17/2022 16:53:04 - INFO - __main__ -   epoch: 0, step: 100, loss: 8.9548 
04/17/2022 16:53:16 - INFO - __main__ -   epoch: 0, step: 150, loss: 8.7956 
04/17/2022 16:53:29 - INFO - __main__ -   epoch: 0, step: 200, loss: 8.2463 
04/17/2022 16:53:40 - INFO - __main__ -   epoch: 0, step: 250, loss: 8.7890 
04/17/2022 16:53:51 - INFO - __main__ -   epoch: 0, step: 300, loss: 8.6440 
04/17/2022 16:54:04 - INFO - __main__ -   epoch: 0, step: 350, loss: 8.4405 
04/17/2022 16:54:17 - INFO - __main__ -   epoch: 0, step: 400, loss: 8.2925 
04/17/2022 16:54:29 - INFO - __main__ -   epoch: 0, step: 450, loss: 7.9499 
04/17/2022 16:54:39 - INFO - __main__ -   epoch: 0, step: 500, loss: 8.6803 
04/17/2022 16:54:50 - INFO - __main__ -   epoch: 0, step: 550, loss: 8.3086 
04/17/2022 16:55:01 - INFO - __main__ -   epoch: 0, step: 600, loss: 7.3014 
04/17/2022 16:55:14 - INFO - __main__ -   epoch: 0, step: 650, loss: 8.1321 
04/17/2022 16:55:25 - INFO - __main__ -   epoch: 0, step: 700, loss: 8.2652 
04/17/2022 16:55:37 - INFO - __main__ -   epoch: 0, step: 750, loss: 7.7100 
04/17/2022 16:55:48 - INFO - __main__ -   epoch: 0, step: 800, loss: 7.7102 
04/17/2022 16:56:00 - INFO - __main__ -   epoch: 0, step: 850, loss: 8.6030 
04/17/2022 16:56:11 - INFO - __main__ -   epoch: 0, step: 900, loss: 8.1879 
04/17/2022 16:56:23 - INFO - __main__ -   epoch: 0, step: 950, loss: 7.6478 
04/17/2022 16:56:35 - INFO - __main__ -   epoch: 0, step: 1000, loss: 8.2699 
